#-----------------------------------------------------------
# Vivado v2019.2 (64-bit)
# SW Build 2708876 on Wed Nov  6 21:40:23 MST 2019
# IP Build 2700528 on Thu Nov  7 00:09:20 MST 2019
# Start of session at: Tue Dec 13 11:00:11 2022
# Process ID: 13560
# Current directory: C:/Users/lepratf/Desktop/TP1/project_2
# Command line: vivado.exe -gui_launcher_event rodinguilauncherevent12992 C:\Users\lepratf\Desktop\TP1\project_2\project_2.xpr
# Log file: C:/Users/lepratf/Desktop/TP1/project_2/vivado.log
# Journal file: C:/Users/lepratf/Desktop/TP1/project_2\vivado.jou
#-----------------------------------------------------------
start_gui
open_project C:/Users/lepratf/Desktop/TP1/project_2/project_2.xpr
Scanning sources...
Finished scanning sources
INFO: [IP_Flow 19-2INFO: [Common 17-344] 'open_project' was cancelled
exit
INFO: [Common 17-206] Exiting Vivado at Tue Dec 13 11:00:26 2022...
do IP repository 'C:/Xilinx/Vivado/2019.2/data/ip'.
open_project: Time (s): cpu = 00:00:12 ; elapsed = 00:00:05 . Memory (MB): peak = 984.504 ; gain = 271.758
exit
INFO: [Common 17-206] Exiting Vivado at Tue Dec 13 11:00:42 2022...
